<?xml version="1.0" encoding="UTF-8"?>
<!-- Generated by org.testng.reporters.JUnitXMLReporter -->
<testsuite ignored="0" hostname="DESKTOP-IHQ383Q" failures="0" tests="2" name="Default test" time="36.108" errors="0" timestamp="2023-01-14T21:11:56 IST">
  <testcase classname="NeoStoxTestClasses.ValidateNeoStoxUserName1UsingPropertyFile" name="validateAcBalance" time="0.325"/>
  <testcase classname="NeoStoxTestClasses.ValidateNeoStoxUserName1UsingPropertyFile" name="validateUserName" time="0.299"/>
</testsuite> <!-- Default test -->
